<?xml version="1.0" encoding="UTF-8"?>
<!-- Generated by org.testng.reporters.JUnitXMLReporter -->
<testsuite ignored="3" hostname="LAPTOP-VJHKAPE5" failures="0" tests="1" name="Default test" time="6.435" errors="0" timestamp="2022-11-14T21:03:15 IST">
  <testcase classname="execute_tests.TableTest" name="excelRead" time="0.557"/>
  <testcase classname="execute_tests.TableTest" name="verifyNames" time="0.0">
    <ignored/>
  </testcase> <!-- verifyNames -->
  <testcase classname="execute_tests.TableTest" name="verifyDesignation" time="0.0">
    <ignored/>
  </testcase> <!-- verifyDesignation -->
  <testcase classname="execute_tests.TableTest" name="printAllNames" time="0.0">
    <ignored/>
  </testcase> <!-- printAllNames -->
</testsuite> <!-- Default test -->
