<?xml version="1.0" encoding="UTF-8"?>
<testng-results ignored="3" total="4" passed="1" failed="0" skipped="0">
  <reporter-output>
  </reporter-output>
  <suite started-at="2022-11-14T21:03:08 IST" name="Default suite" finished-at="2022-11-14T21:03:15 IST" duration-ms="6435">
    <groups>
    </groups>
    <test started-at="2022-11-14T21:03:08 IST" name="Default test" finished-at="2022-11-14T21:03:15 IST" duration-ms="6435">
      <class name="execute_tests.TableTest">
        <test-method is-config="true" signature="launchUrl()[pri:0, instance:execute_tests.TableTest@82de64a]" started-at="2022-11-14T21:03:08 IST" name="launchUrl" finished-at="2022-11-14T21:03:14 IST" duration-ms="5851" status="PASS">
          <reporter-output>
          </reporter-output>
        </test-method> <!-- launchUrl -->
        <test-method signature="excelRead()[pri:0, instance:execute_tests.TableTest@82de64a]" started-at="2022-11-14T21:03:14 IST" name="excelRead" finished-at="2022-11-14T21:03:15 IST" duration-ms="557" status="PASS">
          <reporter-output>
          </reporter-output>
        </test-method> <!-- excelRead -->
      </class> <!-- execute_tests.TableTest -->
    </test> <!-- Default test -->
  </suite> <!-- Default suite -->
</testng-results>
